2025-05-08T09:49:40.874+05:30  INFO 17016 --- [RetailApplication] [main] c.m.RetailApplication.RetailApplication  : Starting RetailApplication using Java 17.0.13 with PID 17016 (C:\Users\VamshiNallavalli\OneDrive - Atyeti Inc\Vamshi_Disc\Training\Assignments\Mentor Assignment\Projects\Retail\target\classes started by VamshiNallavalli in C:\Users\VamshiNallavalli\OneDrive - Atyeti Inc\Vamshi_Disc\Training\Assignments\Mentor Assignment\Projects\Retail)
2025-05-08T09:49:40.900+05:30  INFO 17016 --- [RetailApplication] [main] c.m.RetailApplication.RetailApplication  : No active profile set, falling back to 1 default profile: "default"
2025-05-08T09:49:43.352+05:30  INFO 17016 --- [RetailApplication] [main] .s.d.r.c.RepositoryConfigurationDelegate : Bootstrapping Spring Data JPA repositories in DEFAULT mode.
2025-05-08T09:49:43.635+05:30  INFO 17016 --- [RetailApplication] [main] .s.d.r.c.RepositoryConfigurationDelegate : Finished Spring Data repository scanning in 237 ms. Found 4 JPA repository interfaces.
2025-05-08T09:49:45.503+05:30  INFO 17016 --- [RetailApplication] [main] o.s.b.w.embedded.tomcat.TomcatWebServer  : Tomcat initialized with port 8080 (http)
2025-05-08T09:49:45.548+05:30  INFO 17016 --- [RetailApplication] [main] o.apache.catalina.core.StandardService   : Starting service [Tomcat]
2025-05-08T09:49:45.549+05:30  INFO 17016 --- [RetailApplication] [main] o.apache.catalina.core.StandardEngine    : Starting Servlet engine: [Apache Tomcat/10.1.39]
2025-05-08T09:49:46.373+05:30  INFO 17016 --- [RetailApplication] [main] org.apache.jasper.servlet.TldScanner     : At least one JAR was scanned for TLDs yet contained no TLDs. Enable debug logging for this logger for a complete list of JARs that were scanned but no TLDs were found in them. Skipping unneeded JARs during scanning can improve startup time and JSP compilation time.
2025-05-08T09:49:46.394+05:30  INFO 17016 --- [RetailApplication] [main] o.a.c.c.C.[Tomcat].[localhost].[/]       : Initializing Spring embedded WebApplicationContext
2025-05-08T09:49:46.395+05:30  INFO 17016 --- [RetailApplication] [main] w.s.c.ServletWebServerApplicationContext : Root WebApplicationContext: initialization completed in 5240 ms
2025-05-08T09:49:47.058+05:30  INFO 17016 --- [RetailApplication] [main] o.hibernate.jpa.internal.util.LogHelper  : HHH000204: Processing PersistenceUnitInfo [name: default]
2025-05-08T09:49:47.263+05:30  INFO 17016 --- [RetailApplication] [main] org.hibernate.Version                    : HHH000412: Hibernate ORM core version 6.6.11.Final
2025-05-08T09:49:47.397+05:30  INFO 17016 --- [RetailApplication] [main] o.h.c.internal.RegionFactoryInitiator    : HHH000026: Second-level cache disabled
2025-05-08T09:49:48.543+05:30  INFO 17016 --- [RetailApplication] [main] o.s.o.j.p.SpringPersistenceUnitInfo      : No LoadTimeWeaver setup: ignoring JPA class transformer
2025-05-08T09:49:48.672+05:30  INFO 17016 --- [RetailApplication] [main] com.zaxxer.hikari.HikariDataSource       : HikariPool-1 - Starting...
2025-05-08T09:49:49.771+05:30  INFO 17016 --- [RetailApplication] [main] com.zaxxer.hikari.pool.HikariPool        : HikariPool-1 - Added connection com.mysql.cj.jdbc.ConnectionImpl@214fba74
2025-05-08T09:49:49.778+05:30  INFO 17016 --- [RetailApplication] [main] com.zaxxer.hikari.HikariDataSource       : HikariPool-1 - Start completed.
2025-05-08T09:49:50.096+05:30  WARN 17016 --- [RetailApplication] [main] org.hibernate.orm.deprecation            : HHH90000025: MySQL8Dialect does not need to be specified explicitly using 'hibernate.dialect' (remove the property setting and it will be selected by default)
2025-05-08T09:49:50.121+05:30  WARN 17016 --- [RetailApplication] [main] org.hibernate.orm.deprecation            : HHH90000026: MySQL8Dialect has been deprecated; use org.hibernate.dialect.MySQLDialect instead
2025-05-08T09:49:50.234+05:30  INFO 17016 --- [RetailApplication] [main] org.hibernate.orm.connections.pooling    : HHH10001005: Database info:
	Database JDBC URL [Connecting through datasource 'HikariDataSource (HikariPool-1)']
	Database driver: undefined/unknown
	Database version: 8.0
	Autocommit mode: undefined/unknown
	Isolation level: undefined/unknown
	Minimum pool size: undefined/unknown
	Maximum pool size: undefined/unknown
2025-05-08T09:49:53.613+05:30  INFO 17016 --- [RetailApplication] [main] o.h.e.t.j.p.i.JtaPlatformInitiator       : HHH000489: No JTA platform available (set 'hibernate.transaction.jta.platform' to enable JTA platform integration)
2025-05-08T09:49:53.921+05:30  INFO 17016 --- [RetailApplication] [main] j.LocalContainerEntityManagerFactoryBean : Initialized JPA EntityManagerFactory for persistence unit 'default'
2025-05-08T09:49:54.780+05:30  WARN 17016 --- [RetailApplication] [main] JpaBaseConfiguration$JpaWebConfiguration : spring.jpa.open-in-view is enabled by default. Therefore, database queries may be performed during view rendering. Explicitly configure spring.jpa.open-in-view to disable this warning
2025-05-08T09:49:55.914+05:30  INFO 17016 --- [RetailApplication] [main] r$InitializeUserDetailsManagerConfigurer : Global AuthenticationManager configured with UserDetailsService bean with name inMemoryUserDetailsManager
2025-05-08T09:49:56.450+05:30  INFO 17016 --- [RetailApplication] [main] o.s.b.w.embedded.tomcat.TomcatWebServer  : Tomcat started on port 8080 (http) with context path '/'
2025-05-08T09:49:56.475+05:30  INFO 17016 --- [RetailApplication] [main] c.m.RetailApplication.RetailApplication  : Started RetailApplication in 17.224 seconds (process running for 18.603)
2025-05-08T09:55:19.199+05:30  INFO 17016 --- [RetailApplication] [SpringApplicationShutdownHook] o.s.b.w.e.tomcat.GracefulShutdown        : Commencing graceful shutdown. Waiting for active requests to complete
2025-05-08T09:55:19.402+05:30  INFO 17016 --- [RetailApplication] [tomcat-shutdown] o.s.b.w.e.tomcat.GracefulShutdown        : Graceful shutdown complete
2025-05-08T09:55:19.405+05:30  INFO 17016 --- [RetailApplication] [SpringApplicationShutdownHook] j.LocalContainerEntityManagerFactoryBean : Closing JPA EntityManagerFactory for persistence unit 'default'
2025-05-08T09:55:19.408+05:30  INFO 17016 --- [RetailApplication] [SpringApplicationShutdownHook] com.zaxxer.hikari.HikariDataSource       : HikariPool-1 - Shutdown initiated...
2025-05-08T09:55:19.421+05:30  INFO 17016 --- [RetailApplication] [SpringApplicationShutdownHook] com.zaxxer.hikari.HikariDataSource       : HikariPool-1 - Shutdown completed.
2025-05-08T10:08:00.052+05:30  INFO 15504 --- [RetailApplication] [main] c.m.RetailApplication.RetailApplication  : Starting RetailApplication using Java 17.0.13 with PID 15504 (C:\Users\VamshiNallavalli\OneDrive - Atyeti Inc\Vamshi_Disc\Training\Assignments\Mentor Assignment\Projects\Retail\target\classes started by VamshiNallavalli in C:\Users\VamshiNallavalli\OneDrive - Atyeti Inc\Vamshi_Disc\Training\Assignments\Mentor Assignment\Projects\Retail)
2025-05-08T10:08:00.061+05:30  INFO 15504 --- [RetailApplication] [main] c.m.RetailApplication.RetailApplication  : No active profile set, falling back to 1 default profile: "default"
2025-05-08T10:08:02.544+05:30  INFO 15504 --- [RetailApplication] [main] .s.d.r.c.RepositoryConfigurationDelegate : Bootstrapping Spring Data JPA repositories in DEFAULT mode.
2025-05-08T10:08:02.952+05:30  INFO 15504 --- [RetailApplication] [main] .s.d.r.c.RepositoryConfigurationDelegate : Finished Spring Data repository scanning in 317 ms. Found 4 JPA repository interfaces.
2025-05-08T10:08:04.560+05:30  INFO 15504 --- [RetailApplication] [main] o.s.b.w.embedded.tomcat.TomcatWebServer  : Tomcat initialized with port 8080 (http)
2025-05-08T10:08:04.591+05:30  INFO 15504 --- [RetailApplication] [main] o.apache.catalina.core.StandardService   : Starting service [Tomcat]
2025-05-08T10:08:04.593+05:30  INFO 15504 --- [RetailApplication] [main] o.apache.catalina.core.StandardEngine    : Starting Servlet engine: [Apache Tomcat/10.1.39]
2025-05-08T10:08:05.118+05:30  INFO 15504 --- [RetailApplication] [main] org.apache.jasper.servlet.TldScanner     : At least one JAR was scanned for TLDs yet contained no TLDs. Enable debug logging for this logger for a complete list of JARs that were scanned but no TLDs were found in them. Skipping unneeded JARs during scanning can improve startup time and JSP compilation time.
2025-05-08T10:08:05.135+05:30  INFO 15504 --- [RetailApplication] [main] o.a.c.c.C.[Tomcat].[localhost].[/]       : Initializing Spring embedded WebApplicationContext
2025-05-08T10:08:05.136+05:30  INFO 15504 --- [RetailApplication] [main] w.s.c.ServletWebServerApplicationContext : Root WebApplicationContext: initialization completed in 4906 ms
2025-05-08T10:08:05.704+05:30  INFO 15504 --- [RetailApplication] [main] o.hibernate.jpa.internal.util.LogHelper  : HHH000204: Processing PersistenceUnitInfo [name: default]
2025-05-08T10:08:05.898+05:30  INFO 15504 --- [RetailApplication] [main] org.hibernate.Version                    : HHH000412: Hibernate ORM core version 6.6.11.Final
2025-05-08T10:08:06.051+05:30  INFO 15504 --- [RetailApplication] [main] o.h.c.internal.RegionFactoryInitiator    : HHH000026: Second-level cache disabled
2025-05-08T10:08:07.050+05:30  INFO 15504 --- [RetailApplication] [main] o.s.o.j.p.SpringPersistenceUnitInfo      : No LoadTimeWeaver setup: ignoring JPA class transformer
2025-05-08T10:08:07.166+05:30  INFO 15504 --- [RetailApplication] [main] com.zaxxer.hikari.HikariDataSource       : HikariPool-1 - Starting...
2025-05-08T10:08:08.149+05:30  INFO 15504 --- [RetailApplication] [main] com.zaxxer.hikari.pool.HikariPool        : HikariPool-1 - Added connection com.mysql.cj.jdbc.ConnectionImpl@29b8df5
2025-05-08T10:08:08.155+05:30  INFO 15504 --- [RetailApplication] [main] com.zaxxer.hikari.HikariDataSource       : HikariPool-1 - Start completed.
2025-05-08T10:08:08.311+05:30  WARN 15504 --- [RetailApplication] [main] org.hibernate.orm.deprecation            : HHH90000025: MySQL8Dialect does not need to be specified explicitly using 'hibernate.dialect' (remove the property setting and it will be selected by default)
2025-05-08T10:08:08.314+05:30  WARN 15504 --- [RetailApplication] [main] org.hibernate.orm.deprecation            : HHH90000026: MySQL8Dialect has been deprecated; use org.hibernate.dialect.MySQLDialect instead
2025-05-08T10:08:08.436+05:30  INFO 15504 --- [RetailApplication] [main] org.hibernate.orm.connections.pooling    : HHH10001005: Database info:
	Database JDBC URL [Connecting through datasource 'HikariDataSource (HikariPool-1)']
	Database driver: undefined/unknown
	Database version: 8.0
	Autocommit mode: undefined/unknown
	Isolation level: undefined/unknown
	Minimum pool size: undefined/unknown
	Maximum pool size: undefined/unknown
2025-05-08T10:08:11.249+05:30  INFO 15504 --- [RetailApplication] [main] o.h.e.t.j.p.i.JtaPlatformInitiator       : HHH000489: No JTA platform available (set 'hibernate.transaction.jta.platform' to enable JTA platform integration)
2025-05-08T10:08:11.411+05:30  INFO 15504 --- [RetailApplication] [main] j.LocalContainerEntityManagerFactoryBean : Initialized JPA EntityManagerFactory for persistence unit 'default'
2025-05-08T10:08:12.358+05:30  WARN 15504 --- [RetailApplication] [main] JpaBaseConfiguration$JpaWebConfiguration : spring.jpa.open-in-view is enabled by default. Therefore, database queries may be performed during view rendering. Explicitly configure spring.jpa.open-in-view to disable this warning
2025-05-08T10:08:13.543+05:30  INFO 15504 --- [RetailApplication] [main] r$InitializeUserDetailsManagerConfigurer : Global AuthenticationManager configured with UserDetailsService bean with name inMemoryUserDetailsManager
2025-05-08T10:08:13.997+05:30  INFO 15504 --- [RetailApplication] [main] o.s.b.w.embedded.tomcat.TomcatWebServer  : Tomcat started on port 8080 (http) with context path '/'
2025-05-08T10:08:14.022+05:30  INFO 15504 --- [RetailApplication] [main] c.m.RetailApplication.RetailApplication  : Started RetailApplication in 15.03 seconds (process running for 15.531)
2025-05-08T10:11:58.356+05:30  INFO 15504 --- [RetailApplication] [SpringApplicationShutdownHook] o.s.b.w.e.tomcat.GracefulShutdown        : Commencing graceful shutdown. Waiting for active requests to complete
2025-05-08T10:11:58.555+05:30  INFO 15504 --- [RetailApplication] [tomcat-shutdown] o.s.b.w.e.tomcat.GracefulShutdown        : Graceful shutdown complete
2025-05-08T10:11:58.559+05:30  INFO 15504 --- [RetailApplication] [SpringApplicationShutdownHook] j.LocalContainerEntityManagerFactoryBean : Closing JPA EntityManagerFactory for persistence unit 'default'
2025-05-08T10:11:58.561+05:30  INFO 15504 --- [RetailApplication] [SpringApplicationShutdownHook] com.zaxxer.hikari.HikariDataSource       : HikariPool-1 - Shutdown initiated...
2025-05-08T10:11:58.568+05:30  INFO 15504 --- [RetailApplication] [SpringApplicationShutdownHook] com.zaxxer.hikari.HikariDataSource       : HikariPool-1 - Shutdown completed.
2025-05-08T10:33:52.080+05:30  INFO 19156 --- [RetailApplication] [main] c.m.RetailApplication.RetailApplication  : Starting RetailApplication using Java 17.0.13 with PID 19156 (C:\Users\VamshiNallavalli\OneDrive - Atyeti Inc\Vamshi_Disc\Training\Assignments\Mentor Assignment\Projects\Retail\target\classes started by VamshiNallavalli in C:\Users\VamshiNallavalli\OneDrive - Atyeti Inc\Vamshi_Disc\Training\Assignments\Mentor Assignment\Projects\Retail)
2025-05-08T10:33:52.090+05:30  INFO 19156 --- [RetailApplication] [main] c.m.RetailApplication.RetailApplication  : No active profile set, falling back to 1 default profile: "default"
2025-05-08T10:33:55.002+05:30  INFO 19156 --- [RetailApplication] [main] .s.d.r.c.RepositoryConfigurationDelegate : Bootstrapping Spring Data JPA repositories in DEFAULT mode.
2025-05-08T10:33:55.386+05:30  INFO 19156 --- [RetailApplication] [main] .s.d.r.c.RepositoryConfigurationDelegate : Finished Spring Data repository scanning in 341 ms. Found 4 JPA repository interfaces.
2025-05-08T10:33:57.575+05:30  INFO 19156 --- [RetailApplication] [main] o.s.b.w.embedded.tomcat.TomcatWebServer  : Tomcat initialized with port 8080 (http)
2025-05-08T10:33:57.626+05:30  INFO 19156 --- [RetailApplication] [main] o.apache.catalina.core.StandardService   : Starting service [Tomcat]
2025-05-08T10:33:57.629+05:30  INFO 19156 --- [RetailApplication] [main] o.apache.catalina.core.StandardEngine    : Starting Servlet engine: [Apache Tomcat/10.1.39]
2025-05-08T10:33:58.167+05:30  INFO 19156 --- [RetailApplication] [main] org.apache.jasper.servlet.TldScanner     : At least one JAR was scanned for TLDs yet contained no TLDs. Enable debug logging for this logger for a complete list of JARs that were scanned but no TLDs were found in them. Skipping unneeded JARs during scanning can improve startup time and JSP compilation time.
2025-05-08T10:33:58.185+05:30  INFO 19156 --- [RetailApplication] [main] o.a.c.c.C.[Tomcat].[localhost].[/]       : Initializing Spring embedded WebApplicationContext
2025-05-08T10:33:58.187+05:30  INFO 19156 --- [RetailApplication] [main] w.s.c.ServletWebServerApplicationContext : Root WebApplicationContext: initialization completed in 5939 ms
2025-05-08T10:33:58.749+05:30  INFO 19156 --- [RetailApplication] [main] o.hibernate.jpa.internal.util.LogHelper  : HHH000204: Processing PersistenceUnitInfo [name: default]
2025-05-08T10:33:58.939+05:30  INFO 19156 --- [RetailApplication] [main] org.hibernate.Version                    : HHH000412: Hibernate ORM core version 6.6.11.Final
2025-05-08T10:33:59.066+05:30  INFO 19156 --- [RetailApplication] [main] o.h.c.internal.RegionFactoryInitiator    : HHH000026: Second-level cache disabled
2025-05-08T10:34:00.082+05:30  INFO 19156 --- [RetailApplication] [main] o.s.o.j.p.SpringPersistenceUnitInfo      : No LoadTimeWeaver setup: ignoring JPA class transformer
2025-05-08T10:34:00.213+05:30  INFO 19156 --- [RetailApplication] [main] com.zaxxer.hikari.HikariDataSource       : HikariPool-1 - Starting...
2025-05-08T10:34:01.161+05:30  INFO 19156 --- [RetailApplication] [main] com.zaxxer.hikari.pool.HikariPool        : HikariPool-1 - Added connection com.mysql.cj.jdbc.ConnectionImpl@21f91efa
2025-05-08T10:34:01.168+05:30  INFO 19156 --- [RetailApplication] [main] com.zaxxer.hikari.HikariDataSource       : HikariPool-1 - Start completed.
2025-05-08T10:34:01.349+05:30  WARN 19156 --- [RetailApplication] [main] org.hibernate.orm.deprecation            : HHH90000025: MySQL8Dialect does not need to be specified explicitly using 'hibernate.dialect' (remove the property setting and it will be selected by default)
2025-05-08T10:34:01.360+05:30  WARN 19156 --- [RetailApplication] [main] org.hibernate.orm.deprecation            : HHH90000026: MySQL8Dialect has been deprecated; use org.hibernate.dialect.MySQLDialect instead
2025-05-08T10:34:01.480+05:30  INFO 19156 --- [RetailApplication] [main] org.hibernate.orm.connections.pooling    : HHH10001005: Database info:
	Database JDBC URL [Connecting through datasource 'HikariDataSource (HikariPool-1)']
	Database driver: undefined/unknown
	Database version: 8.0
	Autocommit mode: undefined/unknown
	Isolation level: undefined/unknown
	Minimum pool size: undefined/unknown
	Maximum pool size: undefined/unknown
2025-05-08T10:34:04.306+05:30  INFO 19156 --- [RetailApplication] [main] o.h.e.t.j.p.i.JtaPlatformInitiator       : HHH000489: No JTA platform available (set 'hibernate.transaction.jta.platform' to enable JTA platform integration)
2025-05-08T10:34:04.507+05:30  INFO 19156 --- [RetailApplication] [main] j.LocalContainerEntityManagerFactoryBean : Initialized JPA EntityManagerFactory for persistence unit 'default'
2025-05-08T10:34:05.432+05:30  WARN 19156 --- [RetailApplication] [main] JpaBaseConfiguration$JpaWebConfiguration : spring.jpa.open-in-view is enabled by default. Therefore, database queries may be performed during view rendering. Explicitly configure spring.jpa.open-in-view to disable this warning
2025-05-08T10:34:06.557+05:30  INFO 19156 --- [RetailApplication] [main] r$InitializeUserDetailsManagerConfigurer : Global AuthenticationManager configured with UserDetailsService bean with name inMemoryUserDetailsManager
2025-05-08T10:34:07.078+05:30  INFO 19156 --- [RetailApplication] [main] o.s.b.w.embedded.tomcat.TomcatWebServer  : Tomcat started on port 8080 (http) with context path '/'
2025-05-08T10:34:07.105+05:30  INFO 19156 --- [RetailApplication] [main] c.m.RetailApplication.RetailApplication  : Started RetailApplication in 16.709 seconds (process running for 17.941)
2025-05-08T10:41:27.721+05:30  WARN 19156 --- [RetailApplication] [HikariPool-1 housekeeper] com.zaxxer.hikari.pool.HikariPool        : HikariPool-1 - Thread starvation or clock leap detected (housekeeper delta=1m26s391ms540µs).
2025-05-08T10:54:45.937+05:30  WARN 19156 --- [RetailApplication] [HikariPool-1 housekeeper] com.zaxxer.hikari.pool.HikariPool        : HikariPool-1 - Thread starvation or clock leap detected (housekeeper delta=6m48s164ms611µs800ns).
2025-05-08T11:30:07.530+05:30  WARN 19156 --- [RetailApplication] [HikariPool-1 housekeeper] com.zaxxer.hikari.pool.HikariPool        : HikariPool-1 - Thread starvation or clock leap detected (housekeeper delta=29m21s555ms172µs).
2025-05-08T12:31:51.594+05:30  INFO 24940 --- [RetailApplication] [main] c.m.RetailApplication.RetailApplication  : Starting RetailApplication using Java 17.0.13 with PID 24940 (C:\Users\VamshiNallavalli\OneDrive - Atyeti Inc\Vamshi_Disc\Training\Assignments\Mentor Assignment\Projects\Retail\target\classes started by VamshiNallavalli in C:\Users\VamshiNallavalli\OneDrive - Atyeti Inc\Vamshi_Disc\Training\Assignments\Mentor Assignment\Projects\Retail)
2025-05-08T12:31:51.609+05:30  INFO 24940 --- [RetailApplication] [main] c.m.RetailApplication.RetailApplication  : No active profile set, falling back to 1 default profile: "default"
2025-05-08T12:31:54.820+05:30  INFO 24940 --- [RetailApplication] [main] .s.d.r.c.RepositoryConfigurationDelegate : Bootstrapping Spring Data JPA repositories in DEFAULT mode.
2025-05-08T12:31:55.054+05:30  INFO 24940 --- [RetailApplication] [main] .s.d.r.c.RepositoryConfigurationDelegate : Finished Spring Data repository scanning in 211 ms. Found 4 JPA repository interfaces.
2025-05-08T12:31:56.688+05:30  INFO 24940 --- [RetailApplication] [main] o.s.b.w.embedded.tomcat.TomcatWebServer  : Tomcat initialized with port 8080 (http)
2025-05-08T12:31:56.717+05:30  INFO 24940 --- [RetailApplication] [main] o.apache.catalina.core.StandardService   : Starting service [Tomcat]
2025-05-08T12:31:56.719+05:30  INFO 24940 --- [RetailApplication] [main] o.apache.catalina.core.StandardEngine    : Starting Servlet engine: [Apache Tomcat/10.1.39]
2025-05-08T12:31:57.399+05:30  INFO 24940 --- [RetailApplication] [main] org.apache.jasper.servlet.TldScanner     : At least one JAR was scanned for TLDs yet contained no TLDs. Enable debug logging for this logger for a complete list of JARs that were scanned but no TLDs were found in them. Skipping unneeded JARs during scanning can improve startup time and JSP compilation time.
2025-05-08T12:31:57.413+05:30  INFO 24940 --- [RetailApplication] [main] o.a.c.c.C.[Tomcat].[localhost].[/]       : Initializing Spring embedded WebApplicationContext
2025-05-08T12:31:57.414+05:30  INFO 24940 --- [RetailApplication] [main] w.s.c.ServletWebServerApplicationContext : Root WebApplicationContext: initialization completed in 5631 ms
2025-05-08T12:31:58.070+05:30  INFO 24940 --- [RetailApplication] [main] o.hibernate.jpa.internal.util.LogHelper  : HHH000204: Processing PersistenceUnitInfo [name: default]
2025-05-08T12:31:58.351+05:30  INFO 24940 --- [RetailApplication] [main] org.hibernate.Version                    : HHH000412: Hibernate ORM core version 6.6.11.Final
2025-05-08T12:31:58.434+05:30  INFO 24940 --- [RetailApplication] [main] o.h.c.internal.RegionFactoryInitiator    : HHH000026: Second-level cache disabled
2025-05-08T12:31:59.388+05:30  INFO 24940 --- [RetailApplication] [main] o.s.o.j.p.SpringPersistenceUnitInfo      : No LoadTimeWeaver setup: ignoring JPA class transformer
2025-05-08T12:31:59.477+05:30  INFO 24940 --- [RetailApplication] [main] com.zaxxer.hikari.HikariDataSource       : HikariPool-1 - Starting...
2025-05-08T12:32:00.277+05:30  INFO 24940 --- [RetailApplication] [main] com.zaxxer.hikari.pool.HikariPool        : HikariPool-1 - Added connection com.mysql.cj.jdbc.ConnectionImpl@359e27d2
2025-05-08T12:32:00.281+05:30  INFO 24940 --- [RetailApplication] [main] com.zaxxer.hikari.HikariDataSource       : HikariPool-1 - Start completed.
2025-05-08T12:32:00.388+05:30  WARN 24940 --- [RetailApplication] [main] org.hibernate.orm.deprecation            : HHH90000025: MySQL8Dialect does not need to be specified explicitly using 'hibernate.dialect' (remove the property setting and it will be selected by default)
2025-05-08T12:32:00.390+05:30  WARN 24940 --- [RetailApplication] [main] org.hibernate.orm.deprecation            : HHH90000026: MySQL8Dialect has been deprecated; use org.hibernate.dialect.MySQLDialect instead
2025-05-08T12:32:00.458+05:30  INFO 24940 --- [RetailApplication] [main] org.hibernate.orm.connections.pooling    : HHH10001005: Database info:
	Database JDBC URL [Connecting through datasource 'HikariDataSource (HikariPool-1)']
	Database driver: undefined/unknown
	Database version: 8.0
	Autocommit mode: undefined/unknown
	Isolation level: undefined/unknown
	Minimum pool size: undefined/unknown
	Maximum pool size: undefined/unknown
2025-05-08T12:32:02.919+05:30  INFO 24940 --- [RetailApplication] [main] o.h.m.i.EntityInstantiatorPojoStandard   : HHH000182: No default (no-argument) constructor for class: com.mentorassignment.RetailApplication.model.User (class must be instantiated by Interceptor)
2025-05-08T12:32:03.490+05:30  INFO 24940 --- [RetailApplication] [main] o.h.e.t.j.p.i.JtaPlatformInitiator       : HHH000489: No JTA platform available (set 'hibernate.transaction.jta.platform' to enable JTA platform integration)
2025-05-08T12:32:03.705+05:30  INFO 24940 --- [RetailApplication] [main] j.LocalContainerEntityManagerFactoryBean : Initialized JPA EntityManagerFactory for persistence unit 'default'
2025-05-08T12:32:04.620+05:30  WARN 24940 --- [RetailApplication] [main] JpaBaseConfiguration$JpaWebConfiguration : spring.jpa.open-in-view is enabled by default. Therefore, database queries may be performed during view rendering. Explicitly configure spring.jpa.open-in-view to disable this warning
2025-05-08T12:32:05.723+05:30  INFO 24940 --- [RetailApplication] [main] r$InitializeUserDetailsManagerConfigurer : Global AuthenticationManager configured with UserDetailsService bean with name inMemoryUserDetailsManager
2025-05-08T12:32:06.214+05:30  WARN 24940 --- [RetailApplication] [main] ConfigServletWebServerApplicationContext : Exception encountered during context initialization - cancelling refresh attempt: org.springframework.context.ApplicationContextException: Failed to start bean 'webServerStartStop'
2025-05-08T12:32:06.220+05:30  INFO 24940 --- [RetailApplication] [main] j.LocalContainerEntityManagerFactoryBean : Closing JPA EntityManagerFactory for persistence unit 'default'
2025-05-08T12:32:06.225+05:30  INFO 24940 --- [RetailApplication] [main] com.zaxxer.hikari.HikariDataSource       : HikariPool-1 - Shutdown initiated...
2025-05-08T12:32:06.245+05:30  INFO 24940 --- [RetailApplication] [main] com.zaxxer.hikari.HikariDataSource       : HikariPool-1 - Shutdown completed.
2025-05-08T12:32:06.277+05:30  INFO 24940 --- [RetailApplication] [main] .s.b.a.l.ConditionEvaluationReportLogger : 

Error starting ApplicationContext. To display the condition evaluation report re-run your application with 'debug' enabled.
2025-05-08T12:32:06.328+05:30 ERROR 24940 --- [RetailApplication] [main] o.s.b.d.LoggingFailureAnalysisReporter   : 

***************************
APPLICATION FAILED TO START
***************************

Description:

Web server failed to start. Port 8080 was already in use.

Action:

Identify and stop the process that's listening on port 8080 or configure this application to listen on another port.

2025-05-08T12:33:02.248+05:30  INFO 19652 --- [RetailApplication] [main] c.m.RetailApplication.RetailApplication  : Starting RetailApplication using Java 17.0.13 with PID 19652 (C:\Users\VamshiNallavalli\OneDrive - Atyeti Inc\Vamshi_Disc\Training\Assignments\Mentor Assignment\Projects\Retail\target\classes started by VamshiNallavalli in C:\Users\VamshiNallavalli\OneDrive - Atyeti Inc\Vamshi_Disc\Training\Assignments\Mentor Assignment\Projects\Retail)
2025-05-08T12:33:02.256+05:30  INFO 19652 --- [RetailApplication] [main] c.m.RetailApplication.RetailApplication  : No active profile set, falling back to 1 default profile: "default"
2025-05-08T12:33:04.700+05:30  INFO 19652 --- [RetailApplication] [main] .s.d.r.c.RepositoryConfigurationDelegate : Bootstrapping Spring Data JPA repositories in DEFAULT mode.
2025-05-08T12:33:05.289+05:30  INFO 19652 --- [RetailApplication] [main] .s.d.r.c.RepositoryConfigurationDelegate : Finished Spring Data repository scanning in 553 ms. Found 4 JPA repository interfaces.
2025-05-08T12:33:07.249+05:30  INFO 19652 --- [RetailApplication] [main] o.s.b.w.embedded.tomcat.TomcatWebServer  : Tomcat initialized with port 8089 (http)
2025-05-08T12:33:07.291+05:30  INFO 19652 --- [RetailApplication] [main] o.apache.catalina.core.StandardService   : Starting service [Tomcat]
2025-05-08T12:33:07.292+05:30  INFO 19652 --- [RetailApplication] [main] o.apache.catalina.core.StandardEngine    : Starting Servlet engine: [Apache Tomcat/10.1.39]
2025-05-08T12:33:07.852+05:30  INFO 19652 --- [RetailApplication] [main] org.apache.jasper.servlet.TldScanner     : At least one JAR was scanned for TLDs yet contained no TLDs. Enable debug logging for this logger for a complete list of JARs that were scanned but no TLDs were found in them. Skipping unneeded JARs during scanning can improve startup time and JSP compilation time.
2025-05-08T12:33:07.891+05:30  INFO 19652 --- [RetailApplication] [main] o.a.c.c.C.[Tomcat].[localhost].[/]       : Initializing Spring embedded WebApplicationContext
2025-05-08T12:33:07.892+05:30  INFO 19652 --- [RetailApplication] [main] w.s.c.ServletWebServerApplicationContext : Root WebApplicationContext: initialization completed in 5493 ms
2025-05-08T12:33:08.739+05:30  INFO 19652 --- [RetailApplication] [main] o.hibernate.jpa.internal.util.LogHelper  : HHH000204: Processing PersistenceUnitInfo [name: default]
2025-05-08T12:33:08.973+05:30  INFO 19652 --- [RetailApplication] [main] org.hibernate.Version                    : HHH000412: Hibernate ORM core version 6.6.11.Final
2025-05-08T12:33:09.109+05:30  INFO 19652 --- [RetailApplication] [main] o.h.c.internal.RegionFactoryInitiator    : HHH000026: Second-level cache disabled
2025-05-08T12:33:10.032+05:30  INFO 19652 --- [RetailApplication] [main] o.s.o.j.p.SpringPersistenceUnitInfo      : No LoadTimeWeaver setup: ignoring JPA class transformer
2025-05-08T12:33:10.116+05:30  INFO 19652 --- [RetailApplication] [main] com.zaxxer.hikari.HikariDataSource       : HikariPool-1 - Starting...
2025-05-08T12:33:10.949+05:30  INFO 19652 --- [RetailApplication] [main] com.zaxxer.hikari.pool.HikariPool        : HikariPool-1 - Added connection com.mysql.cj.jdbc.ConnectionImpl@401ec794
2025-05-08T12:33:10.956+05:30  INFO 19652 --- [RetailApplication] [main] com.zaxxer.hikari.HikariDataSource       : HikariPool-1 - Start completed.
2025-05-08T12:33:11.082+05:30  WARN 19652 --- [RetailApplication] [main] org.hibernate.orm.deprecation            : HHH90000025: MySQL8Dialect does not need to be specified explicitly using 'hibernate.dialect' (remove the property setting and it will be selected by default)
2025-05-08T12:33:11.086+05:30  WARN 19652 --- [RetailApplication] [main] org.hibernate.orm.deprecation            : HHH90000026: MySQL8Dialect has been deprecated; use org.hibernate.dialect.MySQLDialect instead
2025-05-08T12:33:11.148+05:30  INFO 19652 --- [RetailApplication] [main] org.hibernate.orm.connections.pooling    : HHH10001005: Database info:
	Database JDBC URL [Connecting through datasource 'HikariDataSource (HikariPool-1)']
	Database driver: undefined/unknown
	Database version: 8.0
	Autocommit mode: undefined/unknown
	Isolation level: undefined/unknown
	Minimum pool size: undefined/unknown
	Maximum pool size: undefined/unknown
2025-05-08T12:33:13.549+05:30  INFO 19652 --- [RetailApplication] [main] o.h.m.i.EntityInstantiatorPojoStandard   : HHH000182: No default (no-argument) constructor for class: com.mentorassignment.RetailApplication.model.User (class must be instantiated by Interceptor)
2025-05-08T12:33:14.058+05:30  INFO 19652 --- [RetailApplication] [main] o.h.e.t.j.p.i.JtaPlatformInitiator       : HHH000489: No JTA platform available (set 'hibernate.transaction.jta.platform' to enable JTA platform integration)
2025-05-08T12:33:14.261+05:30  INFO 19652 --- [RetailApplication] [main] j.LocalContainerEntityManagerFactoryBean : Initialized JPA EntityManagerFactory for persistence unit 'default'
2025-05-08T12:33:15.097+05:30  WARN 19652 --- [RetailApplication] [main] JpaBaseConfiguration$JpaWebConfiguration : spring.jpa.open-in-view is enabled by default. Therefore, database queries may be performed during view rendering. Explicitly configure spring.jpa.open-in-view to disable this warning
2025-05-08T12:33:16.497+05:30  INFO 19652 --- [RetailApplication] [main] r$InitializeUserDetailsManagerConfigurer : Global AuthenticationManager configured with UserDetailsService bean with name inMemoryUserDetailsManager
2025-05-08T12:33:17.111+05:30  INFO 19652 --- [RetailApplication] [main] o.s.b.w.embedded.tomcat.TomcatWebServer  : Tomcat started on port 8089 (http) with context path '/'
2025-05-08T12:33:17.137+05:30  INFO 19652 --- [RetailApplication] [main] c.m.RetailApplication.RetailApplication  : Started RetailApplication in 16.315 seconds (process running for 17.788)
2025-05-08T12:34:45.325+05:30  INFO 19652 --- [RetailApplication] [http-nio-8089-exec-1] o.a.c.c.C.[Tomcat].[localhost].[/]       : Initializing Spring DispatcherServlet 'dispatcherServlet'
2025-05-08T12:34:45.327+05:30  INFO 19652 --- [RetailApplication] [http-nio-8089-exec-1] o.s.web.servlet.DispatcherServlet        : Initializing Servlet 'dispatcherServlet'
2025-05-08T12:34:45.330+05:30  INFO 19652 --- [RetailApplication] [http-nio-8089-exec-1] o.s.web.servlet.DispatcherServlet        : Completed initialization in 2 ms
2025-05-08T12:38:55.582+05:30  INFO 19652 --- [RetailApplication] [SpringApplicationShutdownHook] o.s.b.w.e.tomcat.GracefulShutdown        : Commencing graceful shutdown. Waiting for active requests to complete
2025-05-08T12:38:56.255+05:30  INFO 19652 --- [RetailApplication] [tomcat-shutdown] o.s.b.w.e.tomcat.GracefulShutdown        : Graceful shutdown complete
2025-05-08T12:38:56.263+05:30  INFO 19652 --- [RetailApplication] [SpringApplicationShutdownHook] j.LocalContainerEntityManagerFactoryBean : Closing JPA EntityManagerFactory for persistence unit 'default'
2025-05-08T12:38:56.267+05:30  INFO 19652 --- [RetailApplication] [SpringApplicationShutdownHook] com.zaxxer.hikari.HikariDataSource       : HikariPool-1 - Shutdown initiated...
2025-05-08T12:38:56.291+05:30  INFO 19652 --- [RetailApplication] [SpringApplicationShutdownHook] com.zaxxer.hikari.HikariDataSource       : HikariPool-1 - Shutdown completed.
2025-05-08T12:39:08.755+05:30  INFO 25452 --- [RetailApplication] [main] c.m.RetailApplication.RetailApplication  : Starting RetailApplication using Java 17.0.13 with PID 25452 (C:\Users\VamshiNallavalli\OneDrive - Atyeti Inc\Vamshi_Disc\Training\Assignments\Mentor Assignment\Projects\Retail\target\classes started by VamshiNallavalli in C:\Users\VamshiNallavalli\OneDrive - Atyeti Inc\Vamshi_Disc\Training\Assignments\Mentor Assignment\Projects\Retail)
2025-05-08T12:39:08.767+05:30  INFO 25452 --- [RetailApplication] [main] c.m.RetailApplication.RetailApplication  : No active profile set, falling back to 1 default profile: "default"
2025-05-08T12:39:11.270+05:30  INFO 25452 --- [RetailApplication] [main] .s.d.r.c.RepositoryConfigurationDelegate : Bootstrapping Spring Data JPA repositories in DEFAULT mode.
2025-05-08T12:39:11.530+05:30  INFO 25452 --- [RetailApplication] [main] .s.d.r.c.RepositoryConfigurationDelegate : Finished Spring Data repository scanning in 206 ms. Found 4 JPA repository interfaces.
2025-05-08T12:39:13.618+05:30  INFO 25452 --- [RetailApplication] [main] o.s.b.w.embedded.tomcat.TomcatWebServer  : Tomcat initialized with port 8089 (http)
2025-05-08T12:39:13.657+05:30  INFO 25452 --- [RetailApplication] [main] o.apache.catalina.core.StandardService   : Starting service [Tomcat]
2025-05-08T12:39:13.658+05:30  INFO 25452 --- [RetailApplication] [main] o.apache.catalina.core.StandardEngine    : Starting Servlet engine: [Apache Tomcat/10.1.39]
2025-05-08T12:39:14.249+05:30  INFO 25452 --- [RetailApplication] [main] org.apache.jasper.servlet.TldScanner     : At least one JAR was scanned for TLDs yet contained no TLDs. Enable debug logging for this logger for a complete list of JARs that were scanned but no TLDs were found in them. Skipping unneeded JARs during scanning can improve startup time and JSP compilation time.
2025-05-08T12:39:14.266+05:30  INFO 25452 --- [RetailApplication] [main] o.a.c.c.C.[Tomcat].[localhost].[/]       : Initializing Spring embedded WebApplicationContext
2025-05-08T12:39:14.266+05:30  INFO 25452 --- [RetailApplication] [main] w.s.c.ServletWebServerApplicationContext : Root WebApplicationContext: initialization completed in 5330 ms
2025-05-08T12:39:14.807+05:30  INFO 25452 --- [RetailApplication] [main] o.hibernate.jpa.internal.util.LogHelper  : HHH000204: Processing PersistenceUnitInfo [name: default]
2025-05-08T12:39:14.984+05:30  INFO 25452 --- [RetailApplication] [main] org.hibernate.Version                    : HHH000412: Hibernate ORM core version 6.6.11.Final
2025-05-08T12:39:15.108+05:30  INFO 25452 --- [RetailApplication] [main] o.h.c.internal.RegionFactoryInitiator    : HHH000026: Second-level cache disabled
2025-05-08T12:39:16.356+05:30  INFO 25452 --- [RetailApplication] [main] o.s.o.j.p.SpringPersistenceUnitInfo      : No LoadTimeWeaver setup: ignoring JPA class transformer
2025-05-08T12:39:16.454+05:30  INFO 25452 --- [RetailApplication] [main] com.zaxxer.hikari.HikariDataSource       : HikariPool-1 - Starting...
2025-05-08T12:39:17.608+05:30  INFO 25452 --- [RetailApplication] [main] com.zaxxer.hikari.pool.HikariPool        : HikariPool-1 - Added connection com.mysql.cj.jdbc.ConnectionImpl@137a4b54
2025-05-08T12:39:17.613+05:30  INFO 25452 --- [RetailApplication] [main] com.zaxxer.hikari.HikariDataSource       : HikariPool-1 - Start completed.
2025-05-08T12:39:17.771+05:30  WARN 25452 --- [RetailApplication] [main] org.hibernate.orm.deprecation            : HHH90000025: MySQL8Dialect does not need to be specified explicitly using 'hibernate.dialect' (remove the property setting and it will be selected by default)
2025-05-08T12:39:17.777+05:30  WARN 25452 --- [RetailApplication] [main] org.hibernate.orm.deprecation            : HHH90000026: MySQL8Dialect has been deprecated; use org.hibernate.dialect.MySQLDialect instead
2025-05-08T12:39:17.889+05:30  INFO 25452 --- [RetailApplication] [main] org.hibernate.orm.connections.pooling    : HHH10001005: Database info:
	Database JDBC URL [Connecting through datasource 'HikariDataSource (HikariPool-1)']
	Database driver: undefined/unknown
	Database version: 8.0
	Autocommit mode: undefined/unknown
	Isolation level: undefined/unknown
	Minimum pool size: undefined/unknown
	Maximum pool size: undefined/unknown
2025-05-08T12:39:20.563+05:30  INFO 25452 --- [RetailApplication] [main] o.h.m.i.EntityInstantiatorPojoStandard   : HHH000182: No default (no-argument) constructor for class: com.mentorassignment.RetailApplication.model.User (class must be instantiated by Interceptor)
2025-05-08T12:39:21.189+05:30  INFO 25452 --- [RetailApplication] [main] o.h.e.t.j.p.i.JtaPlatformInitiator       : HHH000489: No JTA platform available (set 'hibernate.transaction.jta.platform' to enable JTA platform integration)
2025-05-08T12:39:21.409+05:30  INFO 25452 --- [RetailApplication] [main] j.LocalContainerEntityManagerFactoryBean : Initialized JPA EntityManagerFactory for persistence unit 'default'
2025-05-08T12:39:22.617+05:30  WARN 25452 --- [RetailApplication] [main] JpaBaseConfiguration$JpaWebConfiguration : spring.jpa.open-in-view is enabled by default. Therefore, database queries may be performed during view rendering. Explicitly configure spring.jpa.open-in-view to disable this warning
2025-05-08T12:39:22.744+05:30  INFO 25452 --- [RetailApplication] [main] r$InitializeUserDetailsManagerConfigurer : Global AuthenticationManager configured with UserDetailsService bean with name inMemoryUserDetailsManager
2025-05-08T12:39:24.969+05:30  INFO 25452 --- [RetailApplication] [main] o.s.b.w.embedded.tomcat.TomcatWebServer  : Tomcat started on port 8089 (http) with context path '/'
2025-05-08T12:39:25.009+05:30  INFO 25452 --- [RetailApplication] [main] c.m.RetailApplication.RetailApplication  : Started RetailApplication in 17.935 seconds (process running for 19.615)
2025-05-08T12:39:27.783+05:30  INFO 25452 --- [RetailApplication] [http-nio-8089-exec-2] o.a.c.c.C.[Tomcat].[localhost].[/]       : Initializing Spring DispatcherServlet 'dispatcherServlet'
2025-05-08T12:39:27.784+05:30  INFO 25452 --- [RetailApplication] [http-nio-8089-exec-2] o.s.web.servlet.DispatcherServlet        : Initializing Servlet 'dispatcherServlet'
2025-05-08T12:39:27.787+05:30  INFO 25452 --- [RetailApplication] [http-nio-8089-exec-2] o.s.web.servlet.DispatcherServlet        : Completed initialization in 2 ms
2025-05-08T12:39:28.038+05:30  WARN 25452 --- [RetailApplication] [http-nio-8089-exec-2] o.a.c.util.SessionIdGeneratorBase        : Creation of SecureRandom instance for session ID generation using [SHA1PRNG] took [124] milliseconds.
2025-05-08T12:43:57.112+05:30  INFO 25452 --- [RetailApplication] [SpringApplicationShutdownHook] o.s.b.w.e.tomcat.GracefulShutdown        : Commencing graceful shutdown. Waiting for active requests to complete
2025-05-08T12:43:57.911+05:30  INFO 25452 --- [RetailApplication] [tomcat-shutdown] o.s.b.w.e.tomcat.GracefulShutdown        : Graceful shutdown complete
2025-05-08T12:43:57.920+05:30  INFO 25452 --- [RetailApplication] [SpringApplicationShutdownHook] j.LocalContainerEntityManagerFactoryBean : Closing JPA EntityManagerFactory for persistence unit 'default'
2025-05-08T12:43:57.925+05:30  INFO 25452 --- [RetailApplication] [SpringApplicationShutdownHook] com.zaxxer.hikari.HikariDataSource       : HikariPool-1 - Shutdown initiated...
2025-05-08T12:43:57.944+05:30  INFO 25452 --- [RetailApplication] [SpringApplicationShutdownHook] com.zaxxer.hikari.HikariDataSource       : HikariPool-1 - Shutdown completed.
2025-05-08T12:45:16.125+05:30  INFO 22216 --- [RetailApplication] [main] c.m.RetailApplication.RetailApplication  : Starting RetailApplication using Java 17.0.13 with PID 22216 (C:\Users\VamshiNallavalli\OneDrive - Atyeti Inc\Vamshi_Disc\Training\Assignments\Mentor Assignment\Projects\Retail\target\classes started by VamshiNallavalli in C:\Users\VamshiNallavalli\OneDrive - Atyeti Inc\Vamshi_Disc\Training\Assignments\Mentor Assignment\Projects\Retail)
2025-05-08T12:45:16.159+05:30  INFO 22216 --- [RetailApplication] [main] c.m.RetailApplication.RetailApplication  : No active profile set, falling back to 1 default profile: "default"
2025-05-08T12:45:18.595+05:30  INFO 22216 --- [RetailApplication] [main] .s.d.r.c.RepositoryConfigurationDelegate : Bootstrapping Spring Data JPA repositories in DEFAULT mode.
2025-05-08T12:45:18.861+05:30  INFO 22216 --- [RetailApplication] [main] .s.d.r.c.RepositoryConfigurationDelegate : Finished Spring Data repository scanning in 212 ms. Found 4 JPA repository interfaces.
2025-05-08T12:45:21.244+05:30  INFO 22216 --- [RetailApplication] [main] o.s.b.w.embedded.tomcat.TomcatWebServer  : Tomcat initialized with port 8089 (http)
2025-05-08T12:45:21.277+05:30  INFO 22216 --- [RetailApplication] [main] o.apache.catalina.core.StandardService   : Starting service [Tomcat]
2025-05-08T12:45:21.277+05:30  INFO 22216 --- [RetailApplication] [main] o.apache.catalina.core.StandardEngine    : Starting Servlet engine: [Apache Tomcat/10.1.39]
2025-05-08T12:45:21.879+05:30  INFO 22216 --- [RetailApplication] [main] org.apache.jasper.servlet.TldScanner     : At least one JAR was scanned for TLDs yet contained no TLDs. Enable debug logging for this logger for a complete list of JARs that were scanned but no TLDs were found in them. Skipping unneeded JARs during scanning can improve startup time and JSP compilation time.
2025-05-08T12:45:21.899+05:30  INFO 22216 --- [RetailApplication] [main] o.a.c.c.C.[Tomcat].[localhost].[/]       : Initializing Spring embedded WebApplicationContext
2025-05-08T12:45:21.900+05:30  INFO 22216 --- [RetailApplication] [main] w.s.c.ServletWebServerApplicationContext : Root WebApplicationContext: initialization completed in 5600 ms
2025-05-08T12:45:22.680+05:30  INFO 22216 --- [RetailApplication] [main] o.hibernate.jpa.internal.util.LogHelper  : HHH000204: Processing PersistenceUnitInfo [name: default]
2025-05-08T12:45:22.919+05:30  INFO 22216 --- [RetailApplication] [main] org.hibernate.Version                    : HHH000412: Hibernate ORM core version 6.6.11.Final
2025-05-08T12:45:23.088+05:30  INFO 22216 --- [RetailApplication] [main] o.h.c.internal.RegionFactoryInitiator    : HHH000026: Second-level cache disabled
2025-05-08T12:45:24.021+05:30  INFO 22216 --- [RetailApplication] [main] o.s.o.j.p.SpringPersistenceUnitInfo      : No LoadTimeWeaver setup: ignoring JPA class transformer
2025-05-08T12:45:24.163+05:30  INFO 22216 --- [RetailApplication] [main] com.zaxxer.hikari.HikariDataSource       : HikariPool-1 - Starting...
2025-05-08T12:45:25.442+05:30  INFO 22216 --- [RetailApplication] [main] com.zaxxer.hikari.pool.HikariPool        : HikariPool-1 - Added connection com.mysql.cj.jdbc.ConnectionImpl@66b31d46
2025-05-08T12:45:25.449+05:30  INFO 22216 --- [RetailApplication] [main] com.zaxxer.hikari.HikariDataSource       : HikariPool-1 - Start completed.
2025-05-08T12:45:25.598+05:30  WARN 22216 --- [RetailApplication] [main] org.hibernate.orm.deprecation            : HHH90000025: MySQL8Dialect does not need to be specified explicitly using 'hibernate.dialect' (remove the property setting and it will be selected by default)
2025-05-08T12:45:25.602+05:30  WARN 22216 --- [RetailApplication] [main] org.hibernate.orm.deprecation            : HHH90000026: MySQL8Dialect has been deprecated; use org.hibernate.dialect.MySQLDialect instead
2025-05-08T12:45:25.691+05:30  INFO 22216 --- [RetailApplication] [main] org.hibernate.orm.connections.pooling    : HHH10001005: Database info:
	Database JDBC URL [Connecting through datasource 'HikariDataSource (HikariPool-1)']
	Database driver: undefined/unknown
	Database version: 8.0
	Autocommit mode: undefined/unknown
	Isolation level: undefined/unknown
	Minimum pool size: undefined/unknown
	Maximum pool size: undefined/unknown
2025-05-08T12:45:28.676+05:30  INFO 22216 --- [RetailApplication] [main] o.h.e.t.j.p.i.JtaPlatformInitiator       : HHH000489: No JTA platform available (set 'hibernate.transaction.jta.platform' to enable JTA platform integration)
2025-05-08T12:45:28.891+05:30  INFO 22216 --- [RetailApplication] [main] j.LocalContainerEntityManagerFactoryBean : Initialized JPA EntityManagerFactory for persistence unit 'default'
2025-05-08T12:45:30.137+05:30  WARN 22216 --- [RetailApplication] [main] JpaBaseConfiguration$JpaWebConfiguration : spring.jpa.open-in-view is enabled by default. Therefore, database queries may be performed during view rendering. Explicitly configure spring.jpa.open-in-view to disable this warning
2025-05-08T12:45:30.226+05:30  INFO 22216 --- [RetailApplication] [main] r$InitializeUserDetailsManagerConfigurer : Global AuthenticationManager configured with UserDetailsService bean with name inMemoryUserDetailsManager
2025-05-08T12:45:31.758+05:30  INFO 22216 --- [RetailApplication] [main] o.s.b.w.embedded.tomcat.TomcatWebServer  : Tomcat started on port 8089 (http) with context path '/'
2025-05-08T12:45:31.781+05:30  INFO 22216 --- [RetailApplication] [main] c.m.RetailApplication.RetailApplication  : Started RetailApplication in 17.049 seconds (process running for 18.352)
2025-05-08T12:45:38.999+05:30  INFO 22216 --- [RetailApplication] [http-nio-8089-exec-2] o.a.c.c.C.[Tomcat].[localhost].[/]       : Initializing Spring DispatcherServlet 'dispatcherServlet'
2025-05-08T12:45:39.000+05:30  INFO 22216 --- [RetailApplication] [http-nio-8089-exec-2] o.s.web.servlet.DispatcherServlet        : Initializing Servlet 'dispatcherServlet'
2025-05-08T12:45:39.003+05:30  INFO 22216 --- [RetailApplication] [http-nio-8089-exec-2] o.s.web.servlet.DispatcherServlet        : Completed initialization in 3 ms
2025-05-08T12:52:01.184+05:30  INFO 22216 --- [RetailApplication] [SpringApplicationShutdownHook] o.s.b.w.e.tomcat.GracefulShutdown        : Commencing graceful shutdown. Waiting for active requests to complete
2025-05-08T12:52:02.060+05:30  INFO 22216 --- [RetailApplication] [tomcat-shutdown] o.s.b.w.e.tomcat.GracefulShutdown        : Graceful shutdown complete
2025-05-08T12:52:02.069+05:30  INFO 22216 --- [RetailApplication] [SpringApplicationShutdownHook] j.LocalContainerEntityManagerFactoryBean : Closing JPA EntityManagerFactory for persistence unit 'default'
2025-05-08T12:52:02.075+05:30  INFO 22216 --- [RetailApplication] [SpringApplicationShutdownHook] com.zaxxer.hikari.HikariDataSource       : HikariPool-1 - Shutdown initiated...
2025-05-08T12:52:02.095+05:30  INFO 22216 --- [RetailApplication] [SpringApplicationShutdownHook] com.zaxxer.hikari.HikariDataSource       : HikariPool-1 - Shutdown completed.
2025-05-08T12:53:46.452+05:30  INFO 25812 --- [RetailApplication] [main] c.m.RetailApplication.RetailApplication  : Starting RetailApplication using Java 17.0.13 with PID 25812 (C:\Users\VamshiNallavalli\OneDrive - Atyeti Inc\Vamshi_Disc\Training\Assignments\Mentor Assignment\Projects\Retail\target\classes started by VamshiNallavalli in C:\Users\VamshiNallavalli\OneDrive - Atyeti Inc\Vamshi_Disc\Training\Assignments\Mentor Assignment\Projects\Retail)
2025-05-08T12:53:46.493+05:30  INFO 25812 --- [RetailApplication] [main] c.m.RetailApplication.RetailApplication  : No active profile set, falling back to 1 default profile: "default"
2025-05-08T12:53:49.292+05:30  INFO 25812 --- [RetailApplication] [main] .s.d.r.c.RepositoryConfigurationDelegate : Bootstrapping Spring Data JPA repositories in DEFAULT mode.
2025-05-08T12:53:49.567+05:30  INFO 25812 --- [RetailApplication] [main] .s.d.r.c.RepositoryConfigurationDelegate : Finished Spring Data repository scanning in 223 ms. Found 4 JPA repository interfaces.
2025-05-08T12:53:51.786+05:30  INFO 25812 --- [RetailApplication] [main] o.s.b.w.embedded.tomcat.TomcatWebServer  : Tomcat initialized with port 8089 (http)
2025-05-08T12:53:51.822+05:30  INFO 25812 --- [RetailApplication] [main] o.apache.catalina.core.StandardService   : Starting service [Tomcat]
2025-05-08T12:53:51.823+05:30  INFO 25812 --- [RetailApplication] [main] o.apache.catalina.core.StandardEngine    : Starting Servlet engine: [Apache Tomcat/10.1.39]
2025-05-08T12:53:52.512+05:30  INFO 25812 --- [RetailApplication] [main] org.apache.jasper.servlet.TldScanner     : At least one JAR was scanned for TLDs yet contained no TLDs. Enable debug logging for this logger for a complete list of JARs that were scanned but no TLDs were found in them. Skipping unneeded JARs during scanning can improve startup time and JSP compilation time.
2025-05-08T12:53:52.527+05:30  INFO 25812 --- [RetailApplication] [main] o.a.c.c.C.[Tomcat].[localhost].[/]       : Initializing Spring embedded WebApplicationContext
2025-05-08T12:53:52.529+05:30  INFO 25812 --- [RetailApplication] [main] w.s.c.ServletWebServerApplicationContext : Root WebApplicationContext: initialization completed in 5841 ms
2025-05-08T12:53:53.200+05:30  INFO 25812 --- [RetailApplication] [main] o.hibernate.jpa.internal.util.LogHelper  : HHH000204: Processing PersistenceUnitInfo [name: default]
2025-05-08T12:53:53.409+05:30  INFO 25812 --- [RetailApplication] [main] org.hibernate.Version                    : HHH000412: Hibernate ORM core version 6.6.11.Final
2025-05-08T12:53:53.540+05:30  INFO 25812 --- [RetailApplication] [main] o.h.c.internal.RegionFactoryInitiator    : HHH000026: Second-level cache disabled
2025-05-08T12:53:54.742+05:30  INFO 25812 --- [RetailApplication] [main] o.s.o.j.p.SpringPersistenceUnitInfo      : No LoadTimeWeaver setup: ignoring JPA class transformer
2025-05-08T12:53:54.912+05:30  INFO 25812 --- [RetailApplication] [main] com.zaxxer.hikari.HikariDataSource       : HikariPool-1 - Starting...
2025-05-08T12:53:56.126+05:30  INFO 25812 --- [RetailApplication] [main] com.zaxxer.hikari.pool.HikariPool        : HikariPool-1 - Added connection com.mysql.cj.jdbc.ConnectionImpl@340c57e0
2025-05-08T12:53:56.130+05:30  INFO 25812 --- [RetailApplication] [main] com.zaxxer.hikari.HikariDataSource       : HikariPool-1 - Start completed.
2025-05-08T12:53:56.222+05:30  WARN 25812 --- [RetailApplication] [main] org.hibernate.orm.deprecation            : HHH90000025: MySQL8Dialect does not need to be specified explicitly using 'hibernate.dialect' (remove the property setting and it will be selected by default)
2025-05-08T12:53:56.225+05:30  WARN 25812 --- [RetailApplication] [main] org.hibernate.orm.deprecation            : HHH90000026: MySQL8Dialect has been deprecated; use org.hibernate.dialect.MySQLDialect instead
2025-05-08T12:53:56.291+05:30  INFO 25812 --- [RetailApplication] [main] org.hibernate.orm.connections.pooling    : HHH10001005: Database info:
	Database JDBC URL [Connecting through datasource 'HikariDataSource (HikariPool-1)']
	Database driver: undefined/unknown
	Database version: 8.0
	Autocommit mode: undefined/unknown
	Isolation level: undefined/unknown
	Minimum pool size: undefined/unknown
	Maximum pool size: undefined/unknown
2025-05-08T12:53:59.340+05:30  INFO 25812 --- [RetailApplication] [main] o.h.e.t.j.p.i.JtaPlatformInitiator       : HHH000489: No JTA platform available (set 'hibernate.transaction.jta.platform' to enable JTA platform integration)
2025-05-08T12:53:59.525+05:30  INFO 25812 --- [RetailApplication] [main] j.LocalContainerEntityManagerFactoryBean : Initialized JPA EntityManagerFactory for persistence unit 'default'
2025-05-08T12:54:00.892+05:30  WARN 25812 --- [RetailApplication] [main] JpaBaseConfiguration$JpaWebConfiguration : spring.jpa.open-in-view is enabled by default. Therefore, database queries may be performed during view rendering. Explicitly configure spring.jpa.open-in-view to disable this warning
2025-05-08T12:54:01.026+05:30  INFO 25812 --- [RetailApplication] [main] r$InitializeUserDetailsManagerConfigurer : Global AuthenticationManager configured with UserDetailsService bean with name inMemoryUserDetailsManager
2025-05-08T12:54:03.173+05:30  INFO 25812 --- [RetailApplication] [main] o.s.b.w.embedded.tomcat.TomcatWebServer  : Tomcat started on port 8089 (http) with context path '/'
2025-05-08T12:54:03.207+05:30  INFO 25812 --- [RetailApplication] [main] c.m.RetailApplication.RetailApplication  : Started RetailApplication in 18.315 seconds (process running for 19.662)
2025-05-08T12:54:13.963+05:30  INFO 25812 --- [RetailApplication] [http-nio-8089-exec-1] o.a.c.c.C.[Tomcat].[localhost].[/]       : Initializing Spring DispatcherServlet 'dispatcherServlet'
2025-05-08T12:54:13.966+05:30  INFO 25812 --- [RetailApplication] [http-nio-8089-exec-1] o.s.web.servlet.DispatcherServlet        : Initializing Servlet 'dispatcherServlet'
2025-05-08T12:54:13.972+05:30  INFO 25812 --- [RetailApplication] [http-nio-8089-exec-1] o.s.web.servlet.DispatcherServlet        : Completed initialization in 4 ms
